{"level":"debug","message":"No feeds found","timestamp":"2013-10-25T11:59:34.015Z"}
{"level":"debug","message":"No feeds found","timestamp":"2013-10-25T11:59:35.021Z"}
{"level":"debug","message":"No feeds found","timestamp":"2013-10-25T11:59:36.010Z"}
{"level":"debug","message":"No feeds found","timestamp":"2013-10-25T11:59:37.023Z"}
{"level":"debug","message":"No feeds found","timestamp":"2013-10-25T11:59:38.025Z"}
{"level":"debug","message":"No feeds found","timestamp":"2013-10-25T12:00:09.575Z"}
{"level":"debug","message":"No feeds found","timestamp":"2013-10-25T12:00:10.568Z"}
{"level":"debug","message":"No feeds found","timestamp":"2013-10-25T12:00:11.572Z"}
{"level":"debug","message":"No feeds found","timestamp":"2013-10-25T12:00:12.575Z"}
{"level":"debug","message":"No feeds found","timestamp":"2013-10-25T12:00:13.588Z"}
{"level":"debug","message":"No feeds found","timestamp":"2013-10-25T12:00:14.616Z"}
{"level":"debug","message":"No feeds found","timestamp":"2013-10-25T12:00:15.604Z"}
{"level":"debug","message":"No feeds found","timestamp":"2013-10-25T12:00:16.617Z"}
{"level":"info","message":"No feeds found","timestamp":"2013-10-25T12:00:18.922Z"}
{"level":"info","message":"No feeds found","timestamp":"2013-10-25T12:00:19.915Z"}
{"level":"info","message":"No feeds found","timestamp":"2013-10-25T12:00:20.919Z"}
{"level":"info","message":"No feeds found","timestamp":"2013-10-25T12:00:21.931Z"}
{"level":"info","message":"No feeds found","timestamp":"2013-10-25T12:00:22.934Z"}
{"level":"info","message":"No feeds found","timestamp":"2013-10-25T12:00:23.947Z"}
{"level":"info","message":"No feeds found","timestamp":"2013-10-25T12:00:24.950Z"}
{"level":"info","message":"No feeds found","timestamp":"2013-10-25T12:03:06.816Z"}
{"level":"info","message":"No feeds found","timestamp":"2013-10-25T12:03:07.812Z"}
{"level":"info","message":"No feeds found","timestamp":"2013-10-25T12:03:08.816Z"}
{"level":"info","message":"","timestamp":"2013-10-25T12:08:45.574Z"}
{"level":"info","message":"","timestamp":"2013-10-25T12:08:46.600Z"}
{"level":"info","message":"","timestamp":"2013-10-25T12:08:47.610Z"}
{"level":"info","message":"","timestamp":"2013-10-25T12:08:48.569Z"}
{"level":"info","message":"","timestamp":"2013-10-25T12:08:49.569Z"}
{"level":"info","message":"","timestamp":"2013-10-25T12:08:50.576Z"}
{"level":"info","message":"","timestamp":"2013-10-25T12:08:51.590Z"}
{"level":"info","message":"","timestamp":"2013-10-25T12:08:52.620Z"}
{"level":"info","message":"0","timestamp":"2013-10-25T12:09:00.456Z"}
{"level":"info","message":"0","timestamp":"2013-10-25T12:09:01.444Z"}
{"level":"info","message":"0","timestamp":"2013-10-25T12:09:02.443Z"}
{"level":"info","message":"0","timestamp":"2013-10-25T12:09:03.449Z"}
{"level":"info","message":"0","timestamp":"2013-10-25T12:09:04.446Z"}
{"level":"info","message":"0","timestamp":"2013-10-25T12:09:05.461Z"}
{"level":"info","message":"0","timestamp":"2013-10-25T12:09:06.491Z"}
{"level":"info","message":"0","timestamp":"2013-10-25T12:09:36.647Z"}
{"level":"info","message":"0","timestamp":"2013-10-25T12:09:37.625Z"}
{"level":"info","message":"0","timestamp":"2013-10-25T12:09:38.618Z"}
{"level":"info","message":"0","timestamp":"2013-10-25T12:09:39.629Z"}
{"level":"info","message":"0","timestamp":"2013-10-25T12:09:40.627Z"}
{"level":"info","message":"0","timestamp":"2013-10-25T12:09:41.619Z"}
{"level":"info","message":"0","timestamp":"2013-10-25T12:09:55.893Z"}
{"level":"info","message":"1","timestamp":"2013-10-25T12:10:21.391Z"}
{"level":"info","message":"2","timestamp":"2013-10-25T12:10:22.392Z"}
{"level":"info","message":"3","timestamp":"2013-10-25T12:10:23.395Z"}
{"level":"info","message":"4","timestamp":"2013-10-25T12:10:24.398Z"}
{"level":"info","message":"5","timestamp":"2013-10-25T12:10:25.378Z"}
{"level":"info","message":"6","timestamp":"2013-10-25T12:10:26.372Z"}
{"level":"info","message":"7","timestamp":"2013-10-25T12:10:27.410Z"}
{"level":"info","message":"1","timestamp":"2013-10-25T12:11:43.168Z"}
{"level":"info","message":"1","timestamp":"2013-10-25T12:20:38.349Z"}
{"level":"info","message":"2","timestamp":"2013-10-25T12:20:39.323Z"}
{"level":"info","message":"3","timestamp":"2013-10-25T12:20:40.329Z"}
{"level":"info","message":"4","timestamp":"2013-10-25T12:20:41.326Z"}
{"level":"info","message":"5","timestamp":"2013-10-25T12:20:42.329Z"}
{"level":"info","message":"6","timestamp":"2013-10-25T12:20:43.330Z"}
{"level":"info","message":"1","timestamp":"2013-10-25T12:20:52.857Z"}
{"level":"info","message":"2","timestamp":"2013-10-25T12:20:53.873Z"}
{"level":"info","message":"3","timestamp":"2013-10-25T12:20:54.869Z"}
{"level":"info","message":"4","timestamp":"2013-10-25T12:20:55.855Z"}
{"level":"info","message":"5","timestamp":"2013-10-25T12:20:56.877Z"}
{"level":"info","message":"6","timestamp":"2013-10-25T12:20:57.899Z"}
{"level":"info","message":"7","timestamp":"2013-10-25T12:20:58.920Z"}
{"level":"info","message":"8","timestamp":"2013-10-25T12:20:59.922Z"}
{"level":"info","message":"9","timestamp":"2013-10-25T12:21:00.936Z"}
{"level":"info","message":"10","timestamp":"2013-10-25T12:21:01.913Z"}
{"level":"info","message":"11","timestamp":"2013-10-25T12:21:02.961Z"}
{"level":"info","message":"12","timestamp":"2013-10-25T12:21:03.960Z"}
{"level":"info","message":"13","timestamp":"2013-10-25T12:21:04.950Z"}
{"level":"info","message":"14","timestamp":"2013-10-25T12:21:05.978Z"}
{"level":"info","message":"15","timestamp":"2013-10-25T12:21:06.945Z"}
{"level":"info","message":"16","timestamp":"2013-10-25T12:21:07.998Z"}
{"level":"info","message":"17","timestamp":"2013-10-25T12:21:08.974Z"}
{"level":"info","message":"18","timestamp":"2013-10-25T12:21:10.014Z"}
{"level":"info","message":"19","timestamp":"2013-10-25T12:21:10.975Z"}
{"level":"info","message":"20","timestamp":"2013-10-25T12:21:11.984Z"}
{"level":"info","message":"21","timestamp":"2013-10-25T12:21:12.998Z"}
{"level":"info","message":"22","timestamp":"2013-10-25T12:21:14.001Z"}
{"level":"info","message":"23","timestamp":"2013-10-25T12:21:15.002Z"}
{"level":"info","message":"24","timestamp":"2013-10-25T12:21:15.996Z"}
{"level":"info","message":"25","timestamp":"2013-10-25T12:21:17.020Z"}
{"level":"info","message":"26","timestamp":"2013-10-25T12:21:18.026Z"}
{"level":"info","message":"27","timestamp":"2013-10-25T12:21:19.033Z"}
{"level":"info","message":"28","timestamp":"2013-10-25T12:21:20.043Z"}
{"level":"info","message":"29","timestamp":"2013-10-25T12:21:21.060Z"}
{"level":"info","message":"30","timestamp":"2013-10-25T12:21:22.059Z"}
{"level":"info","message":"31","timestamp":"2013-10-25T12:21:23.040Z"}
{"level":"info","message":"1","timestamp":"2013-10-25T12:21:25.804Z"}
{"level":"info","message":"2","timestamp":"2013-10-25T12:21:26.790Z"}
{"level":"info","message":"3","timestamp":"2013-10-25T12:21:27.797Z"}
{"level":"info","message":"4","timestamp":"2013-10-25T12:21:28.799Z"}
{"level":"info","message":"5","timestamp":"2013-10-25T12:21:29.794Z"}
{"level":"info","message":"1","timestamp":"2013-10-25T12:21:32.961Z"}
{"level":"info","message":"2","timestamp":"2013-10-25T12:21:33.957Z"}
{"level":"info","message":"3","timestamp":"2013-10-25T12:21:34.968Z"}
{"level":"info","message":"4","timestamp":"2013-10-25T12:21:35.970Z"}
{"level":"info","message":"5","timestamp":"2013-10-25T12:21:36.963Z"}
{"level":"info","message":"1","timestamp":"2013-10-25T12:21:39.237Z"}
{"level":"info","message":"2","timestamp":"2013-10-25T12:21:40.220Z"}
{"level":"info","message":"3","timestamp":"2013-10-25T12:21:41.250Z"}
{"level":"info","message":"4","timestamp":"2013-10-25T12:21:42.249Z"}
{"level":"info","message":"5","timestamp":"2013-10-25T12:21:43.251Z"}
{"level":"info","message":"6","timestamp":"2013-10-25T12:21:44.250Z"}
{"level":"info","message":"7","timestamp":"2013-10-25T12:21:45.247Z"}
{"level":"info","message":"8","timestamp":"2013-10-25T12:21:46.233Z"}
{"level":"info","message":"9","timestamp":"2013-10-25T12:21:47.247Z"}
{"level":"info","message":"10","timestamp":"2013-10-25T12:21:48.246Z"}
{"level":"info","message":"11","timestamp":"2013-10-25T12:21:49.247Z"}
{"level":"info","message":"12","timestamp":"2013-10-25T12:21:50.248Z"}
{"level":"info","message":"13","timestamp":"2013-10-25T12:21:51.250Z"}
{"level":"info","message":"1","timestamp":"2013-10-25T12:21:54.507Z"}
{"level":"info","message":"2","timestamp":"2013-10-25T12:21:55.521Z"}
{"level":"info","message":"3","timestamp":"2013-10-25T12:21:56.495Z"}
{"level":"info","message":"4","timestamp":"2013-10-25T12:21:57.509Z"}
{"level":"info","message":"1","timestamp":"2013-10-25T13:14:52.280Z"}
{"level":"info","message":"2","timestamp":"2013-10-25T13:14:53.266Z"}
{"level":"info","message":"3","timestamp":"2013-10-25T13:14:54.276Z"}
{"level":"info","message":"1","timestamp":"2013-10-25T13:22:40.700Z"}
{"level":"info","message":"2","timestamp":"2013-10-25T13:22:41.683Z"}
{"level":"info","message":"3","timestamp":"2013-10-25T13:22:42.699Z"}
{"level":"info","message":"4","timestamp":"2013-10-25T14:28:58.979Z"}
{"level":"info","message":"8","timestamp":"2013-10-25T14:28:59.958Z"}
{"level":"info","message":"12","timestamp":"2013-10-25T14:29:00.962Z"}
{"level":"info","message":"16","timestamp":"2013-10-25T14:29:01.977Z"}
{"level":"info","message":"20","timestamp":"2013-10-25T14:29:02.988Z"}
{"level":"info","message":"4","timestamp":"2013-10-25T14:29:34.201Z"}
{"error":{},"level":"error","message":"","timestamp":"2013-10-25T14:34:17.881Z"}
{"error":{},"level":"error","message":"","timestamp":"2013-10-25T14:34:17.884Z"}
{"error":{},"level":"error","message":"","timestamp":"2013-10-25T14:34:17.954Z"}
{"error":{},"level":"error","message":"","timestamp":"2013-10-25T14:34:17.954Z"}
{"error":{},"level":"error","message":"","timestamp":"2013-10-25T14:34:18.013Z"}
{"error":{},"level":"error","message":"","timestamp":"2013-10-25T14:34:18.013Z"}
{"error":{},"level":"error","message":"","timestamp":"2013-10-25T14:34:18.071Z"}
{"error":{},"level":"error","message":"","timestamp":"2013-10-25T14:34:18.072Z"}
{"level":"error","message":"Post invalid","timestamp":"2013-10-25T15:03:35.953Z"}
{"level":"error","message":"Post invalid","timestamp":"2013-10-25T15:03:35.958Z"}
{"level":"error","message":"Post invalid","timestamp":"2013-10-25T15:03:35.959Z"}
{"level":"error","message":"Post invalid","timestamp":"2013-10-25T15:03:35.961Z"}
{"level":"error","message":"Post invalid","timestamp":"2013-10-25T15:03:35.961Z"}
{"level":"error","message":"Post invalid","timestamp":"2013-10-25T15:03:35.962Z"}
{"level":"error","message":"Post invalid","timestamp":"2013-10-25T15:03:35.962Z"}
{"level":"error","message":"Post invalid","timestamp":"2013-10-25T15:03:35.964Z"}
{"level":"error","message":"Post invalid","timestamp":"2013-10-25T15:03:35.965Z"}
{"level":"error","message":"Post invalid","timestamp":"2013-10-25T15:03:35.965Z"}
{"level":"error","message":"Post invalid","timestamp":"2013-10-25T15:03:35.966Z"}
{"level":"error","message":"Post invalid","timestamp":"2013-10-25T15:03:35.967Z"}
{"level":"error","message":"Post invalid","timestamp":"2013-10-25T15:03:35.967Z"}
{"level":"error","message":"Post invalid","timestamp":"2013-10-25T15:03:35.968Z"}
{"level":"error","message":"Post invalid","timestamp":"2013-10-25T15:03:35.968Z"}
{"level":"error","message":"Post invalid","timestamp":"2013-10-25T15:03:35.968Z"}
{"level":"error","message":"Post invalid","timestamp":"2013-10-25T15:03:35.969Z"}
{"level":"error","message":"Post invalid","timestamp":"2013-10-25T15:03:35.969Z"}
{"level":"error","message":"Post invalid","timestamp":"2013-10-25T15:03:35.970Z"}
{"level":"error","message":"Post invalid","timestamp":"2013-10-25T15:03:35.970Z"}
{"level":"error","message":"Post invalid","timestamp":"2013-10-25T15:03:35.971Z"}
{"level":"error","message":"Post invalid","timestamp":"2013-10-25T15:03:35.971Z"}
{"level":"error","message":"Post invalid","timestamp":"2013-10-25T15:03:35.971Z"}
{"level":"error","message":"Post invalid","timestamp":"2013-10-25T15:03:35.973Z"}
{"level":"error","message":"Post invalid","timestamp":"2013-10-25T15:03:35.974Z"}
{"level":"error","message":"Post invalid","timestamp":"2013-10-25T15:03:37.332Z"}
{"level":"error","message":"Post invalid","timestamp":"2013-10-25T15:03:37.333Z"}
{"level":"error","message":"Post invalid","timestamp":"2013-10-25T15:03:37.333Z"}
{"level":"error","message":"Post invalid","timestamp":"2013-10-25T15:03:37.333Z"}
{"level":"error","message":"Post invalid","timestamp":"2013-10-25T15:03:37.334Z"}
{"level":"error","message":"Post invalid","timestamp":"2013-10-25T15:03:37.335Z"}
{"level":"error","message":"Post invalid","timestamp":"2013-10-25T15:03:37.336Z"}
{"level":"error","message":"Post invalid","timestamp":"2013-10-25T15:03:37.336Z"}
{"level":"error","message":"Post invalid","timestamp":"2013-10-25T15:03:37.336Z"}
{"level":"error","message":"Post invalid","timestamp":"2013-10-25T15:03:37.336Z"}
{"level":"error","message":"Post invalid","timestamp":"2013-10-25T15:03:37.337Z"}
{"level":"error","message":"Post invalid","timestamp":"2013-10-25T15:03:37.337Z"}
{"level":"error","message":"Post invalid","timestamp":"2013-10-25T15:03:37.338Z"}
{"level":"error","message":"Post invalid","timestamp":"2013-10-25T15:03:37.338Z"}
{"level":"error","message":"Post invalid","timestamp":"2013-10-25T15:03:37.340Z"}
{"level":"error","message":"Post invalid","timestamp":"2013-10-25T15:03:37.343Z"}
{"level":"error","message":"Post invalid","timestamp":"2013-10-25T15:03:37.344Z"}
{"level":"error","message":"Post invalid","timestamp":"2013-10-25T15:03:37.345Z"}
{"level":"error","message":"Post invalid","timestamp":"2013-10-25T15:03:37.345Z"}
{"level":"error","message":"Post invalid","timestamp":"2013-10-25T15:03:37.345Z"}
{"level":"error","message":"Post invalid","timestamp":"2013-10-25T15:03:37.351Z"}
{"level":"error","message":"Post invalid","timestamp":"2013-10-25T15:03:37.352Z"}
{"level":"error","message":"Post invalid","timestamp":"2013-10-25T15:03:37.352Z"}
{"level":"error","message":"Post invalid","timestamp":"2013-10-25T15:03:37.352Z"}
{"level":"error","message":"Post invalid","timestamp":"2013-10-25T15:03:37.352Z"}
{"level":"error","message":"Post invalid","timestamp":"2013-10-25T15:04:29.491Z"}
{"level":"error","message":"Post invalid","timestamp":"2013-10-25T15:04:29.495Z"}
{"level":"error","message":"Post invalid","timestamp":"2013-10-25T15:04:29.495Z"}
{"level":"error","message":"Post invalid","timestamp":"2013-10-25T15:04:29.496Z"}
{"level":"error","message":"Post invalid","timestamp":"2013-10-25T15:04:29.496Z"}
{"level":"error","message":"Post invalid","timestamp":"2013-10-25T15:04:29.496Z"}
{"level":"error","message":"Post invalid","timestamp":"2013-10-25T15:04:29.496Z"}
{"level":"error","message":"Post invalid","timestamp":"2013-10-25T15:04:29.497Z"}
{"level":"error","message":"Post invalid","timestamp":"2013-10-25T15:04:29.498Z"}
{"level":"error","message":"Post invalid","timestamp":"2013-10-25T15:04:29.498Z"}
{"level":"error","message":"Post invalid","timestamp":"2013-10-25T15:04:29.499Z"}
{"level":"error","message":"Post invalid","timestamp":"2013-10-25T15:04:29.499Z"}
{"level":"error","message":"Post invalid","timestamp":"2013-10-25T15:04:29.499Z"}
{"level":"error","message":"Post invalid","timestamp":"2013-10-25T15:04:29.500Z"}
{"level":"error","message":"Post invalid","timestamp":"2013-10-25T15:04:29.500Z"}
{"level":"error","message":"Post invalid","timestamp":"2013-10-25T15:04:29.500Z"}
{"level":"error","message":"Post invalid","timestamp":"2013-10-25T15:04:29.500Z"}
{"level":"error","message":"Post invalid","timestamp":"2013-10-25T15:04:29.501Z"}
{"level":"error","message":"Post invalid","timestamp":"2013-10-25T15:04:29.501Z"}
{"level":"error","message":"Post invalid","timestamp":"2013-10-25T15:04:29.501Z"}
{"level":"error","message":"Post invalid","timestamp":"2013-10-25T15:04:29.501Z"}
{"level":"error","message":"Post invalid","timestamp":"2013-10-25T15:04:29.502Z"}
{"level":"error","message":"Post invalid","timestamp":"2013-10-25T15:04:29.502Z"}
{"level":"error","message":"Post invalid","timestamp":"2013-10-25T15:04:29.503Z"}
{"level":"error","message":"Post invalid","timestamp":"2013-10-25T15:04:29.503Z"}
{"level":"error","message":"Post invalid","timestamp":"2013-10-25T15:04:29.510Z"}
{"level":"error","message":"Post invalid","timestamp":"2013-10-25T15:04:29.510Z"}
{"level":"error","message":"Post invalid","timestamp":"2013-10-25T15:04:29.510Z"}
{"level":"error","message":"Post invalid","timestamp":"2013-10-25T15:04:29.511Z"}
{"level":"error","message":"Post invalid","timestamp":"2013-10-25T15:04:29.511Z"}
{"level":"error","message":"Post invalid","timestamp":"2013-10-25T15:04:29.511Z"}
{"level":"error","message":"Post invalid","timestamp":"2013-10-25T15:04:29.512Z"}
{"level":"error","message":"Post invalid","timestamp":"2013-10-25T15:04:29.512Z"}
{"level":"error","message":"Post invalid","timestamp":"2013-10-25T15:04:29.512Z"}
{"level":"error","message":"Post invalid","timestamp":"2013-10-25T15:04:29.514Z"}
{"level":"error","message":"Post invalid","timestamp":"2013-10-25T15:04:29.514Z"}
{"level":"error","message":"Post invalid","timestamp":"2013-10-25T15:04:29.514Z"}
{"level":"error","message":"Post invalid","timestamp":"2013-10-25T15:04:29.515Z"}
{"level":"error","message":"Post invalid","timestamp":"2013-10-25T15:04:29.515Z"}
{"level":"error","message":"Post invalid","timestamp":"2013-10-25T15:04:29.515Z"}
{"level":"error","message":"Post invalid","timestamp":"2013-10-25T15:04:29.516Z"}
{"level":"error","message":"Post invalid","timestamp":"2013-10-25T15:04:29.516Z"}
{"level":"error","message":"Post invalid","timestamp":"2013-10-25T15:04:29.516Z"}
{"level":"error","message":"Post invalid","timestamp":"2013-10-25T15:04:29.516Z"}
{"level":"error","message":"Post invalid","timestamp":"2013-10-25T15:04:29.517Z"}
{"level":"error","message":"Post invalid","timestamp":"2013-10-25T15:04:29.517Z"}
{"level":"error","message":"Post invalid","timestamp":"2013-10-25T15:04:29.517Z"}
{"level":"error","message":"Post invalid","timestamp":"2013-10-25T15:04:29.517Z"}
{"level":"error","message":"Post invalid","timestamp":"2013-10-25T15:04:29.517Z"}
{"level":"error","message":"Post invalid","timestamp":"2013-10-25T15:04:29.518Z"}
{"level":"error","message":"Post invalid","timestamp":"2013-10-25T15:04:30.830Z"}
{"level":"error","message":"Post invalid","timestamp":"2013-10-25T15:04:30.831Z"}
{"level":"error","message":"Post invalid","timestamp":"2013-10-25T15:04:30.831Z"}
{"level":"error","message":"Post invalid","timestamp":"2013-10-25T15:04:30.832Z"}
{"level":"error","message":"Post invalid","timestamp":"2013-10-25T15:04:30.833Z"}
{"level":"error","message":"Post invalid","timestamp":"2013-10-25T15:04:30.834Z"}
{"level":"error","message":"Post invalid","timestamp":"2013-10-25T15:04:30.835Z"}
{"level":"error","message":"Post invalid","timestamp":"2013-10-25T15:04:30.835Z"}
{"level":"error","message":"Post invalid","timestamp":"2013-10-25T15:04:30.836Z"}
{"level":"error","message":"Post invalid","timestamp":"2013-10-25T15:04:30.836Z"}
{"level":"error","message":"Post invalid","timestamp":"2013-10-25T15:04:30.836Z"}
{"level":"error","message":"Post invalid","timestamp":"2013-10-25T15:04:30.837Z"}
{"level":"error","message":"Post invalid","timestamp":"2013-10-25T15:04:30.837Z"}
{"level":"error","message":"Post invalid","timestamp":"2013-10-25T15:04:30.837Z"}
{"level":"error","message":"Post invalid","timestamp":"2013-10-25T15:04:30.838Z"}
{"level":"error","message":"Post invalid","timestamp":"2013-10-25T15:04:30.841Z"}
{"level":"error","message":"Post invalid","timestamp":"2013-10-25T15:04:30.841Z"}
{"level":"error","message":"Post invalid","timestamp":"2013-10-25T15:04:30.842Z"}
{"level":"error","message":"Post invalid","timestamp":"2013-10-25T15:04:30.842Z"}
{"level":"error","message":"Post invalid","timestamp":"2013-10-25T15:04:30.843Z"}
{"level":"error","message":"Post invalid","timestamp":"2013-10-25T15:04:30.848Z"}
{"level":"error","message":"Post invalid","timestamp":"2013-10-25T15:04:30.848Z"}
{"level":"error","message":"Post invalid","timestamp":"2013-10-25T15:04:30.849Z"}
{"level":"error","message":"Post invalid","timestamp":"2013-10-25T15:04:30.849Z"}
{"level":"error","message":"Post invalid","timestamp":"2013-10-25T15:04:30.850Z"}
{"level":"error","message":"Post invalid","timestamp":"2013-10-25T15:05:32.521Z"}
{"level":"error","message":"Post invalid","timestamp":"2013-10-25T15:05:32.525Z"}
{"level":"error","message":"Post invalid","timestamp":"2013-10-25T15:05:32.525Z"}
{"level":"error","message":"Post invalid","timestamp":"2013-10-25T15:05:32.525Z"}
{"level":"error","message":"Post invalid","timestamp":"2013-10-25T15:05:32.526Z"}
{"level":"error","message":"Post invalid","timestamp":"2013-10-25T15:05:32.526Z"}
{"level":"error","message":"Post invalid","timestamp":"2013-10-25T15:05:32.528Z"}
{"level":"error","message":"Post invalid","timestamp":"2013-10-25T15:05:32.529Z"}
{"level":"error","message":"Post invalid","timestamp":"2013-10-25T15:05:32.530Z"}
{"level":"error","message":"Post invalid","timestamp":"2013-10-25T15:05:32.530Z"}
{"level":"error","message":"Post invalid","timestamp":"2013-10-25T15:05:32.531Z"}
{"level":"error","message":"Post invalid","timestamp":"2013-10-25T15:05:32.532Z"}
{"level":"error","message":"Post invalid","timestamp":"2013-10-25T15:05:32.532Z"}
{"level":"error","message":"Post invalid","timestamp":"2013-10-25T15:05:32.533Z"}
{"level":"error","message":"Post invalid","timestamp":"2013-10-25T15:05:32.534Z"}
{"level":"error","message":"Post invalid","timestamp":"2013-10-25T15:05:32.534Z"}
{"level":"error","message":"Post invalid","timestamp":"2013-10-25T15:05:32.535Z"}
{"level":"error","message":"Post invalid","timestamp":"2013-10-25T15:05:32.535Z"}
{"level":"error","message":"Post invalid","timestamp":"2013-10-25T15:05:32.536Z"}
{"level":"error","message":"Post invalid","timestamp":"2013-10-25T15:05:32.537Z"}
{"level":"error","message":"Post invalid","timestamp":"2013-10-25T15:05:32.537Z"}
{"level":"error","message":"Post invalid","timestamp":"2013-10-25T15:05:32.538Z"}
{"level":"error","message":"Post invalid","timestamp":"2013-10-25T15:05:32.539Z"}
{"level":"error","message":"Post invalid","timestamp":"2013-10-25T15:05:32.539Z"}
{"level":"error","message":"Post invalid","timestamp":"2013-10-25T15:05:32.540Z"}
{"level":"error","message":"Post invalid","timestamp":"2013-10-25T15:06:24.151Z"}
{"level":"error","message":"Post invalid","timestamp":"2013-10-25T15:06:24.160Z"}
{"level":"error","message":"Post invalid","timestamp":"2013-10-25T15:06:24.161Z"}
{"level":"error","message":"Post invalid","timestamp":"2013-10-25T15:06:24.162Z"}
{"level":"error","message":"Post invalid","timestamp":"2013-10-25T15:06:24.166Z"}
{"level":"error","message":"Post invalid","timestamp":"2013-10-25T15:06:24.166Z"}
{"level":"error","message":"Post invalid","timestamp":"2013-10-25T15:06:24.173Z"}
{"level":"error","message":"Post invalid","timestamp":"2013-10-25T15:06:24.179Z"}
{"level":"error","message":"Post invalid","timestamp":"2013-10-25T15:06:24.180Z"}
{"level":"error","message":"Post invalid","timestamp":"2013-10-25T15:06:24.180Z"}
{"level":"error","message":"Post invalid","timestamp":"2013-10-25T15:06:24.182Z"}
{"level":"error","message":"Post invalid","timestamp":"2013-10-25T15:06:24.182Z"}
{"level":"error","message":"Post invalid","timestamp":"2013-10-25T15:06:24.188Z"}
{"level":"error","message":"Post invalid","timestamp":"2013-10-25T15:06:24.191Z"}
{"level":"error","message":"Post invalid","timestamp":"2013-10-25T15:06:24.194Z"}
{"level":"error","message":"Post invalid","timestamp":"2013-10-25T15:06:24.194Z"}
{"level":"error","message":"Post invalid","timestamp":"2013-10-25T15:06:24.203Z"}
{"level":"error","message":"Post invalid","timestamp":"2013-10-25T15:06:24.203Z"}
