{"level":"info","message":"Workers length: 0","timestamp":"2013-12-23T09:04:29.883Z"}
{"level":"info","message":"Workers length: 1","timestamp":"2013-12-23T09:04:30.075Z"}
{"level":"info","message":"Workers length: 2","timestamp":"2013-12-23T09:04:30.377Z"}
{"level":"info","message":"Workers length: 3","timestamp":"2013-12-23T09:04:30.576Z"}
{"level":"info","message":"Workers length: 2","timestamp":"2013-12-23T09:04:30.780Z"}
{"level":"info","message":"Workers length: 2","timestamp":"2013-12-23T09:04:30.979Z"}
{"level":"info","message":"Workers length: 3","timestamp":"2013-12-23T09:04:31.179Z"}
{"level":"info","message":"Workers length: 4","timestamp":"2013-12-23T09:04:31.430Z"}
{"level":"info","message":"Workers length: 4","timestamp":"2013-12-23T09:04:31.651Z"}
{"level":"info","message":"Workers length: 3","timestamp":"2013-12-23T09:04:31.868Z"}
{"level":"info","message":"Workers length: 4","timestamp":"2013-12-23T09:04:32.160Z"}
{"level":"info","message":"Workers length: 4","timestamp":"2013-12-23T09:04:32.668Z"}
{"level":"info","message":"Workers length: 3","timestamp":"2013-12-23T09:04:32.871Z"}
{"level":"info","message":"Workers length: 4","timestamp":"2013-12-23T09:04:33.247Z"}
{"level":"info","message":"Workers length: 3","timestamp":"2013-12-23T09:04:33.447Z"}
{"level":"info","message":"Workers length: 4","timestamp":"2013-12-23T09:04:33.830Z"}
{"level":"info","message":"Workers length: 3","timestamp":"2013-12-23T09:04:34.032Z"}
{"level":"info","message":"Workers length: 4","timestamp":"2013-12-23T09:04:34.240Z"}
{"level":"info","message":"Workers length: 5","timestamp":"2013-12-23T09:04:34.440Z"}
{"level":"info","message":"Workers length: 5","timestamp":"2013-12-23T09:04:34.711Z"}
{"level":"info","message":"Workers length: 4","timestamp":"2013-12-23T09:04:34.905Z"}
{"level":"info","message":"Workers length: 5","timestamp":"2013-12-23T09:04:35.108Z"}
{"level":"info","message":"Workers length: 6","timestamp":"2013-12-23T09:04:35.311Z"}
{"level":"info","message":"Workers length: 7","timestamp":"2013-12-23T09:04:35.525Z"}
{"level":"info","message":"Workers length: 7","timestamp":"2013-12-23T09:04:35.736Z"}
{"level":"info","message":"Invalid task","timestamp":"2013-12-23T09:04:35.792Z"}
{"level":"info","message":"Workers length: 6","timestamp":"2013-12-23T09:04:36.102Z"}
{"status":404,"url":"/socket/info","level":"warn","message":"","timestamp":"2013-12-23T09:05:33.920Z"}
{"status":404,"url":"/socket/info","level":"warn","message":"","timestamp":"2013-12-23T09:05:59.920Z"}
{"level":"info","message":"Message sent: 250 2.0.0 OK 1387790011 mv9sm11155757lbc.0 - gsmtp","timestamp":"2013-12-23T09:13:31.198Z"}
{"status":404,"url":"/socket/info","level":"warn","message":"","timestamp":"2013-12-23T09:16:15.219Z"}
{"level":"info","message":"Message sent: 250 2.0.0 OK 1387790759 n13sm11140440lbl.17 - gsmtp","timestamp":"2013-12-23T09:25:59.458Z"}
{"level":"info","message":"Message sent: 250 2.0.0 OK 1387790908 m5sm14354493laj.4 - gsmtp","timestamp":"2013-12-23T09:28:29.072Z"}
{"level":"info","message":"Message sent: 250 2.0.0 OK 1387791089 ox6sm11177541lbb.6 - gsmtp","timestamp":"2013-12-23T09:31:29.606Z"}
{"level":"info","message":"Message sent: 250 2.0.0 OK 1387791151 e6sm11185430lbs.3 - gsmtp","timestamp":"2013-12-23T09:32:31.949Z"}
{"level":"info","message":"Message sent: 250 2.0.0 OK 1387791166 sd11sm14365097lab.2 - gsmtp","timestamp":"2013-12-23T09:32:46.416Z"}
{"level":"info","message":"Message sent: 250 2.0.0 OK 1387791288 np10sm11182291lbb.7 - gsmtp","timestamp":"2013-12-23T09:34:48.356Z"}
{"level":"info","message":"Message sent: 250 2.0.0 OK 1387791633 y11sm11169219lbm.13 - gsmtp","timestamp":"2013-12-23T09:40:33.317Z"}
{"level":"info","message":"Message sent: 250 2.0.0 OK 1387791721 c8sm14389043lag.3 - gsmtp","timestamp":"2013-12-23T09:42:02.055Z"}
{"status":404,"url":"/socket/info","level":"warn","message":"","timestamp":"2013-12-23T09:46:37.202Z"}
{"level":"info","message":"Message sent: 250 2.0.0 OK 1387792031 h11sm11201249lbg.8 - gsmtp","timestamp":"2013-12-23T09:47:11.734Z"}
{"level":"info","message":"Message sent: 250 2.0.0 OK 1387792172 h11sm11207754lbg.8 - gsmtp","timestamp":"2013-12-23T09:49:32.275Z"}
{"status":404,"url":"/socket/info","level":"warn","message":"","timestamp":"2013-12-23T09:53:39.480Z"}
{"status":404,"url":"/socket/info","level":"warn","message":"","timestamp":"2013-12-23T09:55:17.622Z"}
{"level":"info","message":"Message sent: 250 2.0.0 OK 1387792538 rb4sm11235955lbb.1 - gsmtp","timestamp":"2013-12-23T09:55:38.877Z"}
{"level":"info","message":"Message sent: 250 2.0.0 OK 1387792728 np10sm11225003lbb.7 - gsmtp","timestamp":"2013-12-23T09:58:48.830Z"}
{"level":"info","message":"Message sent: 250 2.0.0 OK 1387792808 np10sm11229888lbb.7 - gsmtp","timestamp":"2013-12-23T10:00:09.041Z"}
{"status":404,"url":"/socket/info","level":"warn","message":"","timestamp":"2013-12-23T10:03:04.777Z"}
{"status":404,"url":"/socket/info","level":"warn","message":"","timestamp":"2013-12-23T10:03:20.988Z"}
